
Image Name                     PID Session Name        Session#    Mem Usage
========================= ======== ================ =========== ============
System Idle Process              0 Services                   0          8 K
System                           4 Services                   0      8,512 K
Registry                       100 Services                   0     51,520 K
smss.exe                       432 Services                   0        324 K
csrss.exe                      540 Services                   0      3,048 K
wininit.exe                    724 Services                   0      1,412 K
csrss.exe                      748 Console                    1      4,640 K
winlogon.exe                   836 Console                    1     23,888 K
services.exe                   868 Services                   0      7,296 K
lsass.exe                      876 Services                   0     19,156 K
svchost.exe                     68 Services                   0     23,440 K
fontdrvhost.exe                488 Console                    1      7,864 K
fontdrvhost.exe                468 Services                   0      2,172 K
svchost.exe                    652 Services                   0     16,724 K
svchost.exe                    716 Services                   0      4,052 K
WUDFHost.exe                   480 Services                   0      1,324 K
dwm.exe                       1088 Console                    1     79,164 K
svchost.exe                   1208 Services                   0      9,496 K
svchost.exe                   1236 Services                   0      5,440 K
svchost.exe                   1244 Services                   0      4,892 K
svchost.exe                   1296 Services                   0      4,656 K
svchost.exe                   1348 Services                   0      2,536 K
svchost.exe                   1360 Services                   0      4,048 K
svchost.exe                   1424 Services                   0      2,152 K
svchost.exe                   1540 Services                   0      8,388 K
svchost.exe                   1548 Services                   0     11,260 K
svchost.exe                   1684 Services                   0      2,572 K
svchost.exe                   1812 Services                   0      3,916 K
nvvsvc.exe                    1884 Services                   0      3,980 K
svchost.exe                   1912 Services                   0      2,504 K
nvscpapisvr.exe               1932 Services                   0      2,708 K
svchost.exe                   1988 Services                   0      2,940 K
nvxdsync.exe                  2036 Console                    1      9,928 K
svchost.exe                   2056 Services                   0      6,488 K
svchost.exe                   2100 Services                   0      2,472 K
svchost.exe                   2200 Services                   0    109,172 K
svchost.exe                   2208 Services                   0      2,440 K
svchost.exe                   2216 Services                   0      4,296 K
svchost.exe                   2296 Services                   0      1,296 K
svchost.exe                   2320 Services                   0      2,348 K
svchost.exe                   2328 Services                   0      6,128 K
Memory Compression            2432 Services                   0    339,980 K
svchost.exe                   2484 Services                   0      9,236 K
svchost.exe                   2544 Services                   0      3,668 K
svchost.exe                   2548 Services                   0      5,700 K
svchost.exe                   2560 Services                   0      4,136 K
svchost.exe                   2764 Services                   0      3,896 K
svchost.exe                   2832 Services                   0     18,936 K
svchost.exe                   2864 Services                   0      7,480 K
svchost.exe                   2944 Services                   0      1,452 K
svchost.exe                   2984 Services                   0      8,016 K
spoolsv.exe                   3044 Services                   0      4,412 K
svchost.exe                   1768 Services                   0      7,608 K
svchost.exe                   2604 Services                   0      2,844 K
svchost.exe                   3300 Services                   0     13,840 K
svchost.exe                   3316 Services                   0     25,196 K
svchost.exe                   3324 Services                   0      6,240 K
svchost.exe                   3332 Services                   0     38,752 K
svchost.exe                   3344 Services                   0     11,932 K
svchost.exe                   3404 Services                   0      1,980 K
svchost.exe                   3400 Services                   0     12,392 K
svchost.exe                   3416 Services                   0      1,896 K
HidMonitorSvc.exe             3424 Services                   0      1,180 K
svchost.exe                   3432 Services                   0      1,676 K
gameinputsvc.exe              3504 Services                   0      1,280 K
svchost.exe                   3572 Services                   0      1,980 K
svchost.exe                   3668 Services                   0      1,564 K
ss_conn_service.exe           3676 Services                   0      1,228 K
ss_conn_service2.exe          3684 Services                   0      1,376 K
MsMpEng.exe                   3736 Services                   0    184,156 K
dasHost.exe                   3828 Services                   0      8,916 K
gameinputsvc.exe              3848 Console                    1      5,504 K
svchost.exe                   3916 Services                   0      4,400 K
svchost.exe                   4012 Services                   0      3,580 K
svchost.exe                   3084 Services                   0      3,440 K
svchost.exe                   3200 Services                   0      2,712 K
svchost.exe                   4764 Services                   0      3,292 K
svchost.exe                   4856 Services                   0      1,812 K
svchost.exe                   4968 Services                   0      2,928 K
svchost.exe                   2704 Services                   0      4,308 K
dllhost.exe                   5844 Services                   0      5,752 K
gamingservicesnet.exe         1896 Services                   0        912 K
gamingservices.exe            1920 Services                   0     19,204 K
svchost.exe                   1880 Services                   0      3,940 K
svchost.exe                   5784 Services                   0      7,392 K
svchost.exe                   5908 Services                   0      2,300 K
svchost.exe                   6112 Services                   0     12,200 K
svchost.exe                    592 Services                   0      6,920 K
NisSrv.exe                    1124 Services                   0      5,652 K
svchost.exe                   1736 Services                   0      7,228 K
SecurityHealthService.exe     4436 Services                   0     13,392 K
Apoint.exe                    2312 Console                    1      7,620 K
sihost.exe                    4476 Console                    1     35,300 K
svchost.exe                   5076 Console                    1     18,568 K
svchost.exe                   5004 Console                    1     28,836 K
taskhostw.exe                 3604 Console                    1     18,116 K
svchost.exe                   6360 Services                   0      1,816 K
ctfmon.exe                    6384 Console                    1     54,332 K
svchost.exe                   6452 Services                   0     17,808 K
svchost.exe                   6796 Services                   0     10,088 K
svchost.exe                   6904 Services                   0      7,988 K
ApMsgFwd.exe                  7024 Console                    1      4,132 K
hidfind.exe                   1600 Console                    1      3,364 K
ApntEx.exe                    5592 Console                    1      4,120 K
conhost.exe                   6760 Console                    1      4,448 K
svchost.exe                   7000 Console                    1     24,256 K
svchost.exe                   7316 Services                   0     13,884 K
RuntimeBroker.exe             7800 Console                    1     27,844 K
RuntimeBroker.exe             6052 Console                    1     29,788 K
svchost.exe                   4832 Services                   0     18,860 K
svchost.exe                   4568 Services                   0     12,820 K
RuntimeBroker.exe             5332 Console                    1     23,788 K
SecurityHealthSystray.exe     8492 Console                    1      5,916 K
GoogleCrashHandler.exe        8672 Services                   0        880 K
GoogleCrashHandler64.exe      8828 Services                   0        220 K
svchost.exe                   9148 Services                   0      7,144 K
SgrmBroker.exe                8196 Services                   0      5,716 K
dllhost.exe                   8860 Console                    1     10,548 K
TTHOMEService.exe             9100 Services                   0      1,000 K
svchost.exe                   1792 Services                   0      7,672 K
svchost.exe                   9080 Console                    1     11,124 K
ApplicationFrameHost.exe      1404 Console                    1     30,596 K
PhotosApp.exe                 7128 Console                    1     26,952 K
svchost.exe                   2572 Services                   0      4,588 K
RuntimeBroker.exe             4732 Console                    1     15,780 K
PhotosService.exe             7724 Console                    1     12,788 K
svchost.exe                   9436 Services                   0     10,248 K
onenoteim.exe                 9576 Console                    1    137,736 K
Todo.exe                      9648 Console                    1    128,264 K
svchost.exe                   9660 Services                   0      4,688 K
RuntimeBroker.exe            10156 Console                    1     26,272 K
RuntimeBroker.exe             4624 Console                    1     26,528 K
msedge.exe                    1168 Console                    1    350,520 K
msedge.exe                   10112 Console                    1      4,356 K
msedge.exe                    4800 Console                    1     44,840 K
msedge.exe                    6624 Console                    1      9,632 K
msedge.exe                    8184 Console                    1     22,660 K
msedge.exe                    8596 Console                    1     51,204 K
msedge.exe                    4744 Console                    1     13,992 K
msedge.exe                    3900 Console                    1     10,224 K
msedge.exe                    2976 Console                    1     16,772 K
msedge.exe                   10252 Console                    1     23,148 K
msedge.exe                   10688 Console                    1      7,708 K
msedge.exe                    8800 Console                    1      6,016 K
msedge.exe                   10772 Console                    1    144,988 K
svchost.exe                   8352 Services                   0      4,532 K
OfficeClickToRun.exe           236 Services                   0     22,324 K
svchost.exe                    968 Services                   0      9,068 K
AppVShNotify.exe              6028 Console                    1      1,676 K
msedge.exe                   10564 Console                    1     16,508 K
SearchIndexer.exe            11592 Services                   0     39,288 K
ONENOTEM.EXE                 11928 Console                    1      3,740 K
svchost.exe                  10592 Services                   0      5,700 K
msedge.exe                     340 Console                    1     18,760 K
HxOutlook.exe                10808 Console                    1      1,800 K
RuntimeBroker.exe             7964 Console                    1     19,692 K
HxTsr.exe                     2356 Console                    1     20,896 K
Brackets.exe                 11696 Console                    1     23,556 K
node.exe                      3984 Console                    1     17,000 K
conhost.exe                   6224 Console                    1      5,520 K
Brackets.exe                 11692 Console                    1     10,348 K
CodeHelper.exe                 412 Console                    1     13,556 K
taskhostw.exe                 2492 Console                    1     17,728 K
ONENOTE.EXE                   6204 Console                    1     71,148 K
Code.exe                     14896 Console                    1     56,220 K
Code.exe                     11720 Console                    1     15,168 K
Code.exe                       624 Console                    1     45,620 K
Code.exe                     12500 Console                    1     17,788 K
Code.exe                     15024 Console                    1    154,592 K
Code.exe                     10488 Console                    1    170,796 K
Code.exe                     11992 Console                    1     33,108 K
Code.exe                      7040 Console                    1     17,788 K
Code.exe                     10092 Console                    1     10,108 K
conhost.exe                  15276 Console                    1      7,580 K
pwsh.exe                     13828 Console                    1     31,252 K
Code.exe                     12612 Console                    1     12,104 K
Code.exe                     16352 Console                    1     17,280 K
Code.exe                     12028 Console                    1     19,012 K
Code.exe                     16192 Console                    1     15,680 K
conhost.exe                  15480 Console                    1      7,628 K
pwsh.exe                      6300 Console                    1     35,500 K
OneDrive.exe                  4904 Console                    1     83,792 K
svchost.exe                  17108 Console                    1      9,108 K
chrome.exe                   17232 Console                    1    140,992 K
chrome.exe                   17376 Console                    1     10,332 K
chrome.exe                   17436 Console                    1     32,920 K
chrome.exe                   17444 Console                    1     29,596 K
chrome.exe                   17468 Console                    1     19,256 K
chrome.exe                   17852 Console                    1     57,360 K
chrome.exe                   17920 Console                    1    163,300 K
chrome.exe                   17928 Console                    1     17,708 K
chrome.exe                   17948 Console                    1     14,944 K
chrome.exe                   17956 Console                    1     21,588 K
chrome.exe                    9612 Console                    1     13,360 K
chrome.exe                   13920 Console                    1     19,636 K
chrome.exe                   16208 Console                    1     16,636 K
chrome.exe                   14416 Console                    1     26,436 K
chrome.exe                   14928 Console                    1    271,484 K
msedge.exe                   16920 Console                    1    356,876 K
msedge.exe                   13572 Console                    1     19,972 K
msedge.exe                   10620 Console                    1     34,852 K
msedge.exe                   18384 Console                    1     34,700 K
msedge.exe                   15524 Console                    1     16,708 K
msedge.exe                    9432 Console                    1     23,232 K
msedge.exe                   15852 Console                    1     28,096 K
msedge.exe                   17732 Console                    1     27,256 K
msedge.exe                    5976 Console                    1     21,384 K
msedge.exe                   19124 Console                    1     22,544 K
msedge.exe                   17176 Console                    1     27,728 K
msedge.exe                   15208 Console                    1     29,636 K
gimp-2.10.exe                14588 Console                    1     29,820 K
script-fu.exe                12896 Console                    1     13,640 K
svchost.exe                  15220 Console                    1     10,660 K
svchost.exe                  15036 Console                    1      7,140 K
dllhost.exe                   5172 Console                    1      7,620 K
dasHost.exe                   8348 Services                   0      4,140 K
svchost.exe                   9504 Services                   0     12,212 K
msedge.exe                   13824 Console                    1     29,028 K
mmc.exe                      17136 Console                    1     20,984 K
MoUsoCoreWorker.exe          13148 Services                   0     13,984 K
svchost.exe                  18904 Services                   0      9,432 K
notepad.exe                   5480 Console                    1     11,404 K
GetHelp.exe                  18868 Console                    1     10,688 K
RuntimeBroker.exe            13144 Console                    1      9,996 K
msedgewebview2.exe           18668 Console                    1      7,936 K
msedgewebview2.exe           17392 Console                    1      6,772 K
msedgewebview2.exe           16540 Console                    1     10,036 K
msedgewebview2.exe           13812 Console                    1     13,748 K
msedgewebview2.exe           18816 Console                    1     14,612 K
msedgewebview2.exe           12584 Console                    1     14,244 K
chrome.exe                   15828 Console                    1     72,100 K
pwsh.exe                     20116 Console                    1     25,472 K
conhost.exe                  19036 Console                    1     16,744 K
cmd.exe                       1180 Console                    1     16,168 K
conhost.exe                   8820 Console                    1     14,228 K
pwsh.exe                     17304 Console                    1     25,760 K
conhost.exe                  13644 Console                    1     14,420 K
powershell.exe               21964 Console                    1     46,852 K
conhost.exe                  14452 Console                    1     15,124 K
mmc.exe                      22992 Console                    1     12,280 K
pwsh.exe                     23176 Console                    1     24,592 K
conhost.exe                  23172 Console                    1     16,768 K
cmd.exe                      13836 Console                    1     13,704 K
conhost.exe                  22692 Console                    1     14,444 K
pwsh.exe                     11348 Console                    1     20,500 K
conhost.exe                  10544 Console                    1     16,440 K
MusNotifyIcon.exe            24336 Console                    1        376 K
notepad.exe                  23740 Console                    1     25,128 K
PeopleApp.exe                20296 Console                    1     31,608 K
RuntimeBroker.exe             7288 Console                    1     17,188 K
SystemSettings.exe            9448 Console                    1     80,320 K
dllhost.exe                  18620 Services                   0      8,112 K
UserOOBEBroker.exe           24156 Console                    1      8,824 K
msedge.exe                   21740 Console                    1    105,516 K
msedge.exe                   17204 Console                    1     83,316 K
WUDFHost.exe                 20000 Services                   0      7,716 K
pwsh.exe                      2872 Console                    1     47,568 K
conhost.exe                  20844 Console                    1     12,640 K
RuntimeBroker.exe            16388 Console                    1     28,012 K
ScreenSketch.exe             23456 Console                    1     54,376 K
msedge.exe                    9228 Console                    1     90,684 K
Code.exe                     23660 Console                    1     52,504 K
Clipchamp.exe                23656 Console                    1     48,564 K
msedgewebview2.exe           10820 Console                    1     67,996 K
msedgewebview2.exe           17768 Console                    1      8,328 K
msedgewebview2.exe           20028 Console                    1     44,096 K
msedgewebview2.exe           21780 Console                    1     31,568 K
msedgewebview2.exe           22284 Console                    1     15,844 K
msedgewebview2.exe           22468 Console                    1    114,768 K
msedgewebview2.exe           24480 Console                    1     19,028 K
explorer.exe                 20776 Console                    1    130,476 K
SearchApp.exe                16820 Console                    1     47,756 K
StartMenuExperienceHost.e    17748 Console                    1     66,436 K
TextInputHost.exe            10140 Console                    1     48,664 K
ShellExperienceHost.exe      13988 Console                    1     48,600 K
PeopleExperienceHost.exe      9940 Console                    1     40,304 K
WinStore.App.exe             15924 Console                    1     94,448 K
RuntimeBroker.exe             3308 Console                    1     28,588 K
svchost.exe                   1728 Console                    1     13,672 K
RuntimeBroker.exe            24208 Console                    1     19,044 K
WindowsPackageManagerServ    13908 Console                    1     24,668 K
Code.exe                     17296 Console                    1     43,580 K
smartscreen.exe              22084 Console                    1     25,644 K
msedge.exe                   14324 Console                    1     74,260 K
SearchApp.exe                14032 Console                    1     80,908 K
msedge.exe                   18880 Console                    1     30,644 K
msedge.exe                   21992 Console                    1     28,448 K
msedge.exe                   11684 Console                    1     28,468 K
msedge.exe                   23704 Console                    1     41,420 K
svchost.exe                   7908 Services                   0      8,060 K
chrome.exe                   21356 Console                    1     75,388 K
msedge.exe                   22872 Console                    1     27,692 K
svchost.exe                   7564 Services                   0     11,896 K
audiodg.exe                  12296 Services                   0      8,736 K
pwsh.exe                     16696 Console                    1     92,704 K
conhost.exe                  19608 Console                    1     17,476 K
chrome.exe                    7628 Console                    1     51,228 K
chrome.exe                   22736 Console                    1     32,016 K
tasklist.exe                 21636 Console                    1      9,776 K
WmiPrvSE.exe                 22420 Services                   0     10,808 K
